
Efinix FPGA Placement and Routing.
Version: 2023.2.307.5.10 
Compiled: May 19 2024.

Copyright (C) 2013 - 2023 Efinix, Inc. All rights reserved.


The Tool Is Based on VPR of University of Toronto,
a free open source code under MIT license.


Running Placement and Routing for Family "Trion", Device "T35F324" ...

***** Beginning stage netlist pre-processing ... *****
Successfully Read in Verific binary Netlist dump file "E:/infinix/T120F324_devkit/outflow/soc.vdb".
***** Beginning VDB Netlist Checker ... *****
VDB Netlist Checker took 0.15657 seconds.
	VDB Netlist Checker took 0.078125 seconds (approximately) in total CPU time.
VDB Netlist Checker virtual memory usage: begin = 51.924 MB, end = 51.944 MB, delta = 0.02 MB
	VDB Netlist Checker peak virtual memory usage = 53.584 MB
VDB Netlist Checker resident set memory usage: begin = 62.36 MB, end = 62.68 MB, delta = 0.32 MB
	VDB Netlist Checker peak resident set memory usage = 64.268 MB
***** Ending VDB Netlist Checker ... *****
Reading core interface constraints from 'E:/infinix/T120F324_devkit/outflow/soc.interface.csv'.
Successfully processed interface constraints file "E:/infinix/T120F324_devkit/outflow/soc.interface.csv".
Found 0 constant generator nets.
Pass 0: Swept away 0 nets with no fanout.
logical_block #229(io_ddrA_b_payload_id[6]) has no fanout.
Removing input.
logical_block #230(io_ddrA_b_payload_id[5]) has no fanout.
Removing input.
logical_block #231(io_ddrA_b_payload_id[4]) has no fanout.
Removing input.
logical_block #232(io_ddrA_b_payload_id[3]) has no fanout.
Removing input.
logical_block #233(io_ddrA_b_payload_id[2]) has no fanout.
Removing input.
logical_block #234(io_ddrA_b_payload_id[1]) has no fanout.
Removing input.
logical_block #235(io_ddrA_b_payload_id[0]) has no fanout.
Removing input.
Pass 0: Swept away 7 blocks with no fanout.
Pass 1: Swept away 0 nets with no fanout.
Pass 1: Swept away 0 blocks with no fanout.
Swept away 0 nets and 7 blocks in total.
Removed 0 LUT buffers.
Sweeped away 7 nodes.
Successfully created VPR logical netlist from Verific binary DataBase file "E:/infinix/T120F324_devkit/outflow/soc.vdb".
Netlist pre-processing took 0.43199 seconds.
	Netlist pre-processing took 0.109375 seconds (approximately) in total CPU time.
Netlist pre-processing virtual memory usage: begin = 14.384 MB, end = 85.48 MB, delta = 71.096 MB
	Netlist pre-processing peak virtual memory usage = 85.48 MB
Netlist pre-processing resident set memory usage: begin = 25.324 MB, end = 95.304 MB, delta = 69.98 MB
	Netlist pre-processing peak resident set memory usage = 95.304 MB
***** Ending stage netlist pre-processing *****

***** Beginning stage pre-packing ... *****
***** Ending stage pre-packing *****

***** Beginning stage packing ... *****
Generate proto netlist for file "E:/infinix/T120F324_devkit/work_pnr\soc.net_proto" took 0.016 seconds
Creating IO constraints file 'E:/infinix/T120F324_devkit/work_pnr\soc.io_place'
Packing took 0.0834493 seconds.
	Packing took 0.015625 seconds (approximately) in total CPU time.
Packing virtual memory usage: begin = 53.964 MB, end = 69.544 MB, delta = 15.58 MB
	Packing peak virtual memory usage = 85.48 MB
Packing resident set memory usage: begin = 63.524 MB, end = 78.684 MB, delta = 15.16 MB
	Packing peak resident set memory usage = 95.312 MB
***** Ending stage packing *****

***** Beginning stage packed netlist loading ... *****
Read proto netlist file E:/infinix/T120F324_devkit/work_pnr\soc.net_proto
Read proto netlist for file "E:/infinix/T120F324_devkit/work_pnr\soc.net_proto" took 0.005 seconds
Setup net and block data structure took 0.548 seconds
Packed netlist loading took 5.83188 seconds.
	Packed netlist loading took 4.96875 seconds (approximately) in total CPU time.
Packed netlist loading virtual memory usage: begin = 69.544 MB, end = 252.796 MB, delta = 183.252 MB
	Packed netlist loading peak virtual memory usage = 291.932 MB
Packed netlist loading resident set memory usage: begin = 78.692 MB, end = 255.788 MB, delta = 177.096 MB
	Packed netlist loading peak resident set memory usage = 294.836 MB
***** Ending stage packed netlist loading *****

***** Beginning stage pre-placement ... *****

***** Ending stage pre-placement *****


SDC file 'E:/infinix/T120F324_devkit/constraints.sdc' parsed successfully.
3 clocks (including virtual clocks), 146 inputs and 219 outputs were constrained.

***** Beginning stage initial placement ... *****
Reading core interface constraints from 'E:/infinix/T120F324_devkit/outflow/soc.interface.csv'.
Successfully processed interface constraints file "E:/infinix/T120F324_devkit/outflow/soc.interface.csv".
Writing IO placement constraints to 'E:/infinix/T120F324_devkit/outflow\soc.interface.io'.

Reading placement constraints from 'E:/infinix/T120F324_devkit/outflow\soc.interface.io'.

Reading placement constraints from 'E:/infinix/T120F324_devkit/work_pnr\soc.io_place'.
WARNING(1): Clock driver io_jtag_tck should use the dedicated clock pad.
***** Ending stage initial placement *****

***** Beginning stage placement ... *****
Found 128 synchronizers as follows: 
	Synchronizer 0:  soc_inst/u_EfxSapphireSoc/system_ddr_ddrLogic_userAdapters_0_bridge/io_input_w_queue/pushToPopGray_buffercc/buffers_0[0]~FF soc_inst/u_EfxSapphireSoc/system_ddr_ddrLogic_userAdapters_0_bridge/io_input_w_queue/pushToPopGray_buffercc_io_dataOut[0]~FF
	Synchronizer 1:  soc_inst/u_EfxSapphireSoc/system_ddr_ddrLogic_userAdapters_0_bridge/io_input_w_queue/popToPushGray_buffercc/buffers_0[4]~FF soc_inst/u_EfxSapphireSoc/system_ddr_ddrLogic_userAdapters_0_bridge/io_input_w_queue/popToPushGray_buffercc_io_dataOut[4]~FF
	Synchronizer 2:  soc_inst/u_EfxSapphireSoc/system_ddr_ddrLogic_userAdapters_0_bridge/io_input_w_queue/popToPushGray_buffercc/buffers_0[3]~FF soc_inst/u_EfxSapphireSoc/system_ddr_ddrLogic_userAdapters_0_bridge/io_input_w_queue/popToPushGray_buffercc_io_dataOut[3]~FF
	Synchronizer 3:  soc_inst/u_EfxSapphireSoc/system_ddr_ddrLogic_userAdapters_0_bridge/io_input_w_queue/popToPushGray_buffercc/buffers_0[2]~FF soc_inst/u_EfxSapphireSoc/system_ddr_ddrLogic_userAdapters_0_bridge/io_input_w_queue/popToPushGray_buffercc_io_dataOut[2]~FF
	Synchronizer 4:  soc_inst/u_EfxSapphireSoc/system_ddr_ddrLogic_userAdapters_0_bridge/io_input_w_queue/popToPushGray_buffercc/buffers_0[1]~FF soc_inst/u_EfxSapphireSoc/system_ddr_ddrLogic_userAdapters_0_bridge/io_input_w_queue/popToPushGray_buffercc_io_dataOut[1]~FF
	Synchronizer 5:  soc_inst/u_EfxSapphireSoc/system_uart_0_io_logic/uartCtrl_1/rx/io_rxd_buffercc/buffers_0~FF soc_inst/u_EfxSapphireSoc/system_uart_0_io_logic/uartCtrl_1/rx/io_rxd_buffercc_io_dataOut~FF
	Synchronizer 6:  soc_inst/u_EfxSapphireSoc/system_ddr_ddrLogic_userAdapters_0_bridge/io_input_w_queue/popToPushGray_buffercc/buffers_0[0]~FF soc_inst/u_EfxSapphireSoc/system_ddr_ddrLogic_userAdapters_0_bridge/io_input_w_queue/popToPushGray_buffercc_io_dataOut[0]~FF
	Synchronizer 7:  soc_inst/u_EfxSapphireSoc/system_ddr_ddrLogic_userAdapters_0_bridge/io_input_aw_queue/pushToPopGray_buffercc/buffers_0[4]~FF soc_inst/u_EfxSapphireSoc/system_ddr_ddrLogic_userAdapters_0_bridge/io_input_aw_queue/pushToPopGray_buffercc_io_dataOut[4]~FF
	Synchronizer 8:  soc_inst/u_EfxSapphireSoc/system_ddr_ddrLogic_userAdapters_0_bridge/io_input_aw_queue/pushToPopGray_buffercc/buffers_0[3]~FF soc_inst/u_EfxSapphireSoc/system_ddr_ddrLogic_userAdapters_0_bridge/io_input_aw_queue/pushToPopGray_buffercc_io_dataOut[3]~FF
	Synchronizer 9:  soc_inst/u_EfxSapphireSoc/system_ddr_ddrLogic_userAdapters_0_bridge/io_input_aw_queue/pushToPopGray_buffercc/buffers_0[2]~FF soc_inst/u_EfxSapphireSoc/system_ddr_ddrLogic_userAdapters_0_bridge/io_input_aw_queue/pushToPopGray_buffercc_io_dataOut[2]~FF
	Synchronizer 10:  soc_inst/u_EfxSapphireSoc/system_ddr_ddrLogic_userAdapters_0_bridge/io_input_aw_queue/pushToPopGray_buffercc/buffers_0[1]~FF soc_inst/u_EfxSapphireSoc/system_ddr_ddrLogic_userAdapters_0_bridge/io_input_aw_queue/pushToPopGray_buffercc_io_dataOut[1]~FF
	Synchronizer 11:  soc_inst/u_EfxSapphireSoc/system_ddr_ddrLogic_userAdapters_0_bridge/io_input_aw_queue/pushToPopGray_buffercc/buffers_0[0]~FF soc_inst/u_EfxSapphireSoc/system_ddr_ddrLogic_userAdapters_0_bridge/io_input_aw_queue/pushToPopGray_buffercc_io_dataOut[0]~FF
	Synchronizer 12:  soc_inst/u_EfxSapphireSoc/system_ddr_ddrLogic_userAdapters_0_bridge/io_input_aw_queue/popToPushGray_buffercc/buffers_0[4]~FF soc_inst/u_EfxSapphireSoc/system_ddr_ddrLogic_userAdapters_0_bridge/io_input_aw_queue/popToPushGray_buffercc_io_dataOut[4]~FF
	Synchronizer 13:  soc_inst/u_EfxSapphireSoc/system_ddr_ddrLogic_userAdapters_0_bridge/io_input_aw_queue/popToPushGray_buffercc/buffers_0[3]~FF soc_inst/u_EfxSapphireSoc/system_ddr_ddrLogic_userAdapters_0_bridge/io_input_aw_queue/popToPushGray_buffercc_io_dataOut[3]~FF
	Synchronizer 14:  soc_inst/u_EfxSapphireSoc/system_ddr_ddrLogic_userAdapters_0_bridge/io_input_aw_queue/popToPushGray_buffercc/buffers_0[2]~FF soc_inst/u_EfxSapphireSoc/system_ddr_ddrLogic_userAdapters_0_bridge/io_input_aw_queue/popToPushGray_buffercc_io_dataOut[2]~FF
	Synchronizer 15:  soc_inst/u_EfxSapphireSoc/system_ddr_ddrLogic_userAdapters_0_bridge/io_input_aw_queue/popToPushGray_buffercc/buffers_0[1]~FF soc_inst/u_EfxSapphireSoc/system_ddr_ddrLogic_userAdapters_0_bridge/io_input_aw_queue/popToPushGray_buffercc_io_dataOut[1]~FF
	Synchronizer 16:  soc_inst/u_EfxSapphireSoc/system_ddr_ddrLogic_userAdapters_0_bridge/io_input_aw_queue/popToPushGray_buffercc/buffers_0[0]~FF soc_inst/u_EfxSapphireSoc/system_ddr_ddrLogic_userAdapters_0_bridge/io_input_aw_queue/popToPushGray_buffercc_io_dataOut[0]~FF
	Synchronizer 17:  soc_inst/u_EfxSapphireSoc/system_ddr_ddrLogic_userAdapters_0_bridge/io_output_r_queue/pushToPopGray_buffercc/buffers_0[4]~FF soc_inst/u_EfxSapphireSoc/system_ddr_ddrLogic_userAdapters_0_bridge/io_output_r_queue/pushToPopGray_buffercc_io_dataOut[4]~FF
	Synchronizer 18:  soc_inst/u_EfxSapphireSoc/system_ddr_ddrLogic_userAdapters_0_bridge/io_output_r_queue/pushToPopGray_buffercc/buffers_0[3]~FF soc_inst/u_EfxSapphireSoc/system_ddr_ddrLogic_userAdapters_0_bridge/io_output_r_queue/pushToPopGray_buffercc_io_dataOut[3]~FF
	Synchronizer 19:  soc_inst/u_EfxSapphireSoc/system_ddr_ddrLogic_userAdapters_0_bridge/io_output_r_queue/pushToPopGray_buffercc/buffers_0[2]~FF soc_inst/u_EfxSapphireSoc/system_ddr_ddrLogic_userAdapters_0_bridge/io_output_r_queue/pushToPopGray_buffercc_io_dataOut[2]~FF
	Synchronizer 20:  soc_inst/u_EfxSapphireSoc/system_ddr_ddrLogic_userAdapters_0_bridge/io_output_r_queue/pushToPopGray_buffercc/buffers_0[1]~FF soc_inst/u_EfxSapphireSoc/system_ddr_ddrLogic_userAdapters_0_bridge/io_output_r_queue/pushToPopGray_buffercc_io_dataOut[1]~FF
	Synchronizer 21:  soc_inst/u_EfxSapphireSoc/system_ddr_ddrLogic_userAdapters_0_bridge/io_output_r_queue/pushToPopGray_buffercc/buffers_0[0]~FF soc_inst/u_EfxSapphireSoc/system_ddr_ddrLogic_userAdapters_0_bridge/io_output_r_queue/pushToPopGray_buffercc_io_dataOut[0]~FF
	Synchronizer 22:  soc_inst/u_EfxSapphireSoc/system_ddr_ddrLogic_userAdapters_0_bridge/io_output_r_queue/bufferCC_28/buffers_0~FF soc_inst/u_EfxSapphireSoc/system_ddr_ddrLogic_userAdapters_0_bridge/io_output_r_queue_io_output_r_queue_system_ddr_ddrLogic_userAdapters_0_bridge_toplevel_ddrCd_logic_outputReset_syncronized_1~FF
	Synchronizer 23:  soc_inst/u_EfxSapphireSoc/system_ddr_ddrLogic_userAdapters_0_bridge/io_output_r_queue/popToPushGray_buffercc/buffers_0[4]~FF soc_inst/u_EfxSapphireSoc/system_ddr_ddrLogic_userAdapters_0_bridge/io_output_r_queue/popToPushGray_buffercc_io_dataOut[4]~FF
	Synchronizer 24:  soc_inst/u_EfxSapphireSoc/system_ddr_ddrLogic_userAdapters_0_bridge/io_output_r_queue/popToPushGray_buffercc/buffers_0[3]~FF soc_inst/u_EfxSapphireSoc/system_ddr_ddrLogic_userAdapters_0_bridge/io_output_r_queue/popToPushGray_buffercc_io_dataOut[3]~FF
	Synchronizer 25:  soc_inst/u_EfxSapphireSoc/system_ddr_ddrLogic_userAdapters_0_bridge/io_output_r_queue/popToPushGray_buffercc/buffers_0[2]~FF soc_inst/u_EfxSapphireSoc/system_ddr_ddrLogic_userAdapters_0_bridge/io_output_r_queue/popToPushGray_buffercc_io_dataOut[2]~FF
	Synchronizer 26:  soc_inst/u_EfxSapphireSoc/system_ddr_ddrLogic_userAdapters_0_bridge/io_output_r_queue/popToPushGray_buffercc/buffers_0[1]~FF soc_inst/u_EfxSapphireSoc/system_ddr_ddrLogic_userAdapters_0_bridge/io_output_r_queue/popToPushGray_buffercc_io_dataOut[1]~FF
	Synchronizer 27:  soc_inst/u_EfxSapphireSoc/system_ddr_ddrLogic_userAdapters_0_bridge/io_output_r_queue/popToPushGray_buffercc/buffers_0[0]~FF soc_inst/u_EfxSapphireSoc/system_ddr_ddrLogic_userAdapters_0_bridge/io_output_r_queue/popToPushGray_buffercc_io_dataOut[0]~FF
	Synchronizer 28:  soc_inst/u_EfxSapphireSoc/system_ddr_ddrLogic_userAdapters_0_bridge/io_input_ar_queue/pushToPopGray_buffercc/buffers_0[4]~FF soc_inst/u_EfxSapphireSoc/system_ddr_ddrLogic_userAdapters_0_bridge/io_input_ar_queue/pushToPopGray_buffercc_io_dataOut[4]~FF
	Synchronizer 29:  soc_inst/u_EfxSapphireSoc/system_ddr_ddrLogic_userAdapters_0_bridge/io_input_ar_queue/pushToPopGray_buffercc/buffers_0[3]~FF soc_inst/u_EfxSapphireSoc/system_ddr_ddrLogic_userAdapters_0_bridge/io_input_ar_queue/pushToPopGray_buffercc_io_dataOut[3]~FF
	Synchronizer 30:  soc_inst/u_EfxSapphireSoc/system_ddr_ddrLogic_userAdapters_0_bridge/io_input_ar_queue/pushToPopGray_buffercc/buffers_0[2]~FF soc_inst/u_EfxSapphireSoc/system_ddr_ddrLogic_userAdapters_0_bridge/io_input_ar_queue/pushToPopGray_buffercc_io_dataOut[2]~FF
	Synchronizer 31:  soc_inst/u_EfxSapphireSoc/system_ddr_ddrLogic_userAdapters_0_bridge/io_input_ar_queue/pushToPopGray_buffercc/buffers_0[1]~FF soc_inst/u_EfxSapphireSoc/system_ddr_ddrLogic_userAdapters_0_bridge/io_input_ar_queue/pushToPopGray_buffercc_io_dataOut[1]~FF
	Synchronizer 32:  soc_inst/u_EfxSapphireSoc/system_ddr_ddrLogic_userAdapters_0_bridge/io_input_ar_queue/popToPushGray_buffercc/buffers_0[0]~FF soc_inst/u_EfxSapphireSoc/system_ddr_ddrLogic_userAdapters_0_bridge/io_input_ar_queue/popToPushGray_buffercc_io_dataOut[0]~FF
	Synchronizer 33:  soc_inst/u_EfxSapphireSoc/ddrCd_logic_outputReset_buffercc/buffers_0~FF io_axiMasterReset_0~FF
	Synchronizer 34:  soc_inst/u_EfxSapphireSoc/system_softJtag_debug_logic_jtagBridge/system_rsp_payload_data[30]~FF
	Synchronizer 35:  soc_inst/u_EfxSapphireSoc/system_softJtag_debug_logic_jtagBridge/system_rsp_payload_data[29]~FF
	Synchronizer 36:  soc_inst/u_EfxSapphireSoc/system_softJtag_debug_logic_jtagBridge/system_rsp_payload_data[28]~FF
	Synchronizer 37:  soc_inst/u_EfxSapphireSoc/system_softJtag_debug_logic_jtagBridge/system_rsp_payload_data[27]~FF
	Synchronizer 38:  soc_inst/u_EfxSapphireSoc/system_softJtag_debug_logic_jtagBridge/system_rsp_payload_data[26]~FF
	Synchronizer 39:  soc_inst/u_EfxSapphireSoc/system_softJtag_debug_logic_jtagBridge/system_rsp_payload_data[25]~FF
	Synchronizer 40:  soc_inst/u_EfxSapphireSoc/system_softJtag_debug_logic_jtagBridge/system_rsp_payload_data[24]~FF
	Synchronizer 41:  soc_inst/u_EfxSapphireSoc/system_softJtag_debug_logic_jtagBridge/system_rsp_payload_data[23]~FF
	Synchronizer 42:  soc_inst/u_EfxSapphireSoc/system_softJtag_debug_logic_jtagBridge/system_rsp_payload_data[22]~FF
	Synchronizer 43:  soc_inst/u_EfxSapphireSoc/system_ddr_ddrLogic_userAdapters_0_bridge/io_output_b_queue/pushToPopGray_buffercc/buffers_0[4]~FF soc_inst/u_EfxSapphireSoc/system_ddr_ddrLogic_userAdapters_0_bridge/io_output_b_queue/pushToPopGray_buffercc_io_dataOut[4]~FF
	Synchronizer 44:  soc_inst/u_EfxSapphireSoc/system_softJtag_debug_logic_jtagBridge/system_rsp_payload_data[21]~FF
	Synchronizer 45:  soc_inst/u_EfxSapphireSoc/system_ddr_ddrLogic_userAdapters_0_bridge/io_output_b_queue/pushToPopGray_buffercc/buffers_0[3]~FF soc_inst/u_EfxSapphireSoc/system_ddr_ddrLogic_userAdapters_0_bridge/io_output_b_queue/pushToPopGray_buffercc_io_dataOut[3]~FF
	Synchronizer 46:  soc_inst/u_EfxSapphireSoc/system_softJtag_debug_logic_jtagBridge/system_rsp_payload_data[20]~FF
	Synchronizer 47:  soc_inst/u_EfxSapphireSoc/system_i2c_0_io_logic/i2cCtrl/io_i2c_sda_read_buffercc/buffers_0~FF soc_inst/u_EfxSapphireSoc/system_i2c_0_io_logic/i2cCtrl/io_i2c_sda_read_buffercc_io_dataOut~FF
	Synchronizer 48:  soc_inst/u_EfxSapphireSoc/system_ddr_ddrLogic_userAdapters_0_bridge/io_output_b_queue/pushToPopGray_buffercc/buffers_0[2]~FF soc_inst/u_EfxSapphireSoc/system_ddr_ddrLogic_userAdapters_0_bridge/io_output_b_queue/pushToPopGray_buffercc_io_dataOut[2]~FF
	Synchronizer 49:  soc_inst/u_EfxSapphireSoc/system_softJtag_debug_logic_jtagBridge/system_rsp_payload_data[19]~FF
	Synchronizer 50:  soc_inst/u_EfxSapphireSoc/system_ddr_ddrLogic_userAdapters_0_bridge/io_output_b_queue/pushToPopGray_buffercc/buffers_0[1]~FF soc_inst/u_EfxSapphireSoc/system_ddr_ddrLogic_userAdapters_0_bridge/io_output_b_queue/pushToPopGray_buffercc_io_dataOut[1]~FF
	Synchronizer 51:  soc_inst/u_EfxSapphireSoc/system_softJtag_debug_logic_jtagBridge/system_rsp_payload_data[18]~FF
	Synchronizer 52:  soc_inst/u_EfxSapphireSoc/system_softJtag_debug_logic_jtagBridge/system_rsp_payload_data[17]~FF
	Synchronizer 53:  soc_inst/u_EfxSapphireSoc/system_softJtag_debug_logic_jtagBridge/system_rsp_payload_data[16]~FF
	Synchronizer 54:  soc_inst/u_EfxSapphireSoc/system_softJtag_debug_logic_jtagBridge/system_rsp_payload_data[15]~FF
	Synchronizer 55:  soc_inst/u_EfxSapphireSoc/system_softJtag_debug_logic_jtagBridge/system_rsp_payload_data[14]~FF
	Synchronizer 56:  soc_inst/u_EfxSapphireSoc/system_ddr_ddrLogic_userAdapters_0_bridge/io_output_b_queue/pushToPopGray_buffercc/buffers_0[0]~FF soc_inst/u_EfxSapphireSoc/system_ddr_ddrLogic_userAdapters_0_bridge/io_output_b_queue/pushToPopGray_buffercc_io_dataOut[0]~FF
	Synchronizer 57:  soc_inst/u_EfxSapphireSoc/system_softJtag_debug_logic_jtagBridge/system_rsp_payload_data[13]~FF
	Synchronizer 58:  soc_inst/u_EfxSapphireSoc/system_ddr_ddrLogic_userAdapters_0_bridge/io_output_b_queue/popToPushGray_buffercc/buffers_0[4]~FF soc_inst/u_EfxSapphireSoc/system_ddr_ddrLogic_userAdapters_0_bridge/io_output_b_queue/popToPushGray_buffercc_io_dataOut[4]~FF
	Synchronizer 59:  soc_inst/u_EfxSapphireSoc/system_softJtag_debug_logic_jtagBridge/system_rsp_payload_data[11]~FF
	Synchronizer 60:  soc_inst/u_EfxSapphireSoc/system_ddr_ddrLogic_userAdapters_0_bridge/io_input_w_queue/pushToPopGray_buffercc/buffers_0[4]~FF soc_inst/u_EfxSapphireSoc/system_ddr_ddrLogic_userAdapters_0_bridge/io_input_w_queue/pushToPopGray_buffercc_io_dataOut[4]~FF
	Synchronizer 61:  soc_inst/u_EfxSapphireSoc/system_ddr_ddrLogic_userAdapters_0_bridge/io_input_ar_queue/popToPushGray_buffercc/buffers_0[1]~FF soc_inst/u_EfxSapphireSoc/system_ddr_ddrLogic_userAdapters_0_bridge/io_input_ar_queue/popToPushGray_buffercc_io_dataOut[1]~FF
	Synchronizer 62:  soc_inst/u_EfxSapphireSoc/system_softJtag_debug_logic_jtagBridge/system_rsp_payload_data[12]~FF
	Synchronizer 63:  soc_inst/u_EfxSapphireSoc/system_ddr_ddrLogic_userAdapters_0_bridge/io_output_b_queue/popToPushGray_buffercc/buffers_0[3]~FF soc_inst/u_EfxSapphireSoc/system_ddr_ddrLogic_userAdapters_0_bridge/io_output_b_queue/popToPushGray_buffercc_io_dataOut[3]~FF
	Synchronizer 64:  soc_inst/u_EfxSapphireSoc/system_softJtag_debug_logic_jtagBridge/system_rsp_payload_data[10]~FF
	Synchronizer 65:  soc_inst/u_EfxSapphireSoc/system_ddr_ddrLogic_userAdapters_0_bridge/io_output_b_queue/popToPushGray_buffercc/buffers_0[2]~FF soc_inst/u_EfxSapphireSoc/system_ddr_ddrLogic_userAdapters_0_bridge/io_output_b_queue/popToPushGray_buffercc_io_dataOut[2]~FF
	Synchronizer 66:  soc_inst/u_EfxSapphireSoc/system_softJtag_debug_logic_jtagBridge/system_rsp_payload_data[9]~FF
	Synchronizer 67:  soc_inst/u_EfxSapphireSoc/system_ddr_ddrLogic_cc_fifo/io_input_cmd_queue/popToPushGray_buffercc/buffers_0[2]~FF soc_inst/u_EfxSapphireSoc/system_ddr_ddrLogic_cc_fifo/io_input_cmd_queue/popToPushGray_buffercc_io_dataOut[2]~FF
	Synchronizer 68:  soc_inst/u_EfxSapphireSoc/system_ddr_ddrLogic_userAdapters_0_bridge/io_input_ar_queue/bufferCC_28/buffers_0~FF soc_inst/u_EfxSapphireSoc/system_ddr_ddrLogic_userAdapters_0_bridge/io_input_ar_queue_io_input_ar_queue_system_ddr_ddrLogic_userAdapters_0_bridge_toplevel_io_ddrMasters_0_reset_syncronized_1~FF
	Synchronizer 69:  soc_inst/u_EfxSapphireSoc/system_ddr_ddrLogic_userAdapters_0_bridge/io_output_b_queue/popToPushGray_buffercc/buffers_0[1]~FF soc_inst/u_EfxSapphireSoc/system_ddr_ddrLogic_userAdapters_0_bridge/io_output_b_queue/popToPushGray_buffercc_io_dataOut[1]~FF
	Synchronizer 70:  soc_inst/u_EfxSapphireSoc/system_softJtag_debug_logic_jtagBridge/system_rsp_payload_data[8]~FF
	Synchronizer 71:  soc_inst/u_EfxSapphireSoc/system_softJtag_debug_logic_jtagBridge_io_remote_cmd_payload_last~FF
	Synchronizer 72:  soc_inst/u_EfxSapphireSoc/system_ddr_ddrLogic_cc_fifo/io_input_cmd_queue/popToPushGray_buffercc/buffers_0[1]~FF soc_inst/u_EfxSapphireSoc/system_ddr_ddrLogic_cc_fifo/io_input_cmd_queue/popToPushGray_buffercc_io_dataOut[1]~FF
	Synchronizer 73:  soc_inst/u_EfxSapphireSoc/system_ddr_ddrLogic_userAdapters_0_bridge/io_input_ar_queue/popToPushGray_buffercc/buffers_0[4]~FF soc_inst/u_EfxSapphireSoc/system_ddr_ddrLogic_userAdapters_0_bridge/io_input_ar_queue/popToPushGray_buffercc_io_dataOut[4]~FF
	Synchronizer 74:  soc_inst/u_EfxSapphireSoc/system_softJtag_debug_logic_jtagBridge/system_rsp_payload_data[7]~FF
	Synchronizer 75:  soc_inst/u_EfxSapphireSoc/system_softJtag_debug_logic_jtagBridge/system_rsp_payload_data[31]~FF
	Synchronizer 76:  soc_inst/u_EfxSapphireSoc/system_ddr_ddrLogic_userAdapters_0_bridge/io_input_w_queue/pushToPopGray_buffercc/buffers_0[3]~FF soc_inst/u_EfxSapphireSoc/system_ddr_ddrLogic_userAdapters_0_bridge/io_input_w_queue/pushToPopGray_buffercc_io_dataOut[3]~FF
	Synchronizer 77:  soc_inst/u_EfxSapphireSoc/bufferCC_31/buffers_0~FF soc_inst/u_EfxSapphireSoc/bufferCC_31_io_dataOut~FF
	Synchronizer 78:  soc_inst/u_EfxSapphireSoc/system_ddr_ddrLogic_cc_fifo/io_input_cmd_queue/popToPushGray_buffercc/buffers_0[0]~FF soc_inst/u_EfxSapphireSoc/system_ddr_ddrLogic_cc_fifo/io_input_cmd_queue/popToPushGray_buffercc_io_dataOut[0]~FF
	Synchronizer 79:  soc_inst/u_EfxSapphireSoc/system_softJtag_debug_logic_jtagBridge_io_remote_cmd_payload_fragment[0]~FF
	Synchronizer 80:  soc_inst/u_EfxSapphireSoc/system_ddr_ddrLogic_userAdapters_0_bridge/io_input_ar_queue/popToPushGray_buffercc/buffers_0[3]~FF soc_inst/u_EfxSapphireSoc/system_ddr_ddrLogic_userAdapters_0_bridge/io_input_ar_queue/popToPushGray_buffercc_io_dataOut[3]~FF
	Synchronizer 81:  soc_inst/u_EfxSapphireSoc/system_ddr_ddrLogic_cc_fifo/io_input_cmd_queue/pushToPopGray_buffercc/buffers_0[6]~FF soc_inst/u_EfxSapphireSoc/system_ddr_ddrLogic_cc_fifo/io_input_cmd_queue/pushToPopGray_buffercc_io_dataOut[6]~FF
	Synchronizer 82:  soc_inst/u_EfxSapphireSoc/system_softJtag_debug_logic_jtagBridge/system_rsp_payload_data[6]~FF
	Synchronizer 83:  soc_inst/u_EfxSapphireSoc/system_ddr_ddrLogic_userAdapters_0_bridge/io_input_ar_queue/popToPushGray_buffercc/buffers_0[2]~FF soc_inst/u_EfxSapphireSoc/system_ddr_ddrLogic_userAdapters_0_bridge/io_input_ar_queue/popToPushGray_buffercc_io_dataOut[2]~FF
	Synchronizer 84:  soc_inst/u_EfxSapphireSoc/system_ddr_ddrLogic_cc_fifo/io_input_cmd_queue/pushToPopGray_buffercc/buffers_0[5]~FF soc_inst/u_EfxSapphireSoc/system_ddr_ddrLogic_cc_fifo/io_input_cmd_queue/pushToPopGray_buffercc_io_dataOut[5]~FF
	Synchronizer 85:  soc_inst/u_EfxSapphireSoc/system_softJtag_debug_logic_jtagBridge/system_rsp_payload_data[5]~FF
	Synchronizer 86:  soc_inst/u_EfxSapphireSoc/system_ddr_ddrLogic_cc_fifo/io_input_cmd_queue/popToPushGray_buffercc/buffers_0[3]~FF soc_inst/u_EfxSapphireSoc/system_ddr_ddrLogic_cc_fifo/io_input_cmd_queue/popToPushGray_buffercc_io_dataOut[3]~FF
	Synchronizer 87:  soc_inst/u_EfxSapphireSoc/system_ddr_ddrLogic_cc_fifo/io_input_cmd_queue/popToPushGray_buffercc/buffers_0[4]~FF soc_inst/u_EfxSapphireSoc/system_ddr_ddrLogic_cc_fifo/io_input_cmd_queue/popToPushGray_buffercc_io_dataOut[4]~FF
	Synchronizer 88:  soc_inst/u_EfxSapphireSoc/system_ddr_ddrLogic_userAdapters_0_bridge/io_input_ar_queue/pushToPopGray_buffercc/buffers_0[0]~FF soc_inst/u_EfxSapphireSoc/system_ddr_ddrLogic_userAdapters_0_bridge/io_input_ar_queue/pushToPopGray_buffercc_io_dataOut[0]~FF
	Synchronizer 89:  soc_inst/u_EfxSapphireSoc/system_ddr_ddrLogic_cc_fifo/io_input_cmd_queue/popToPushGray_buffercc/buffers_0[5]~FF soc_inst/u_EfxSapphireSoc/system_ddr_ddrLogic_cc_fifo/io_input_cmd_queue/popToPushGray_buffercc_io_dataOut[5]~FF
	Synchronizer 90:  soc_inst/u_EfxSapphireSoc/system_ddr_ddrLogic_userAdapters_0_bridge/io_input_w_queue/pushToPopGray_buffercc/buffers_0[1]~FF soc_inst/u_EfxSapphireSoc/system_ddr_ddrLogic_userAdapters_0_bridge/io_input_w_queue/pushToPopGray_buffercc_io_dataOut[1]~FF
	Synchronizer 91:  soc_inst/u_EfxSapphireSoc/system_ddr_ddrLogic_userAdapters_0_bridge/io_input_w_queue/pushToPopGray_buffercc/buffers_0[2]~FF soc_inst/u_EfxSapphireSoc/system_ddr_ddrLogic_userAdapters_0_bridge/io_input_w_queue/pushToPopGray_buffercc_io_dataOut[2]~FF
	Synchronizer 92:  soc_inst/u_EfxSapphireSoc/userInterruptA_buffercc/buffers_0~FF soc_inst/u_EfxSapphireSoc/userInterruptA_buffercc_io_dataOut~FF
	Synchronizer 93:  soc_inst/u_EfxSapphireSoc/system_ddr_ddrLogic_cc_fifo/io_input_cmd_queue/pushToPopGray_buffercc/buffers_0[2]~FF soc_inst/u_EfxSapphireSoc/system_ddr_ddrLogic_cc_fifo/io_input_cmd_queue/pushToPopGray_buffercc_io_dataOut[2]~FF
	Synchronizer 94:  soc_inst/u_EfxSapphireSoc/system_softJtag_debug_logic_jtagBridge/system_rsp_payload_data[2]~FF
	Synchronizer 95:  soc_inst/u_EfxSapphireSoc/system_ddr_ddrLogic_userAdapters_0_bridge/io_output_b_queue/popToPushGray_buffercc/buffers_0[0]~FF soc_inst/u_EfxSapphireSoc/system_ddr_ddrLogic_userAdapters_0_bridge/io_output_b_queue/popToPushGray_buffercc_io_dataOut[0]~FF
	Synchronizer 96:  soc_inst/u_EfxSapphireSoc/system_ddr_ddrLogic_cc_fifo/io_input_cmd_queue/pushToPopGray_buffercc/buffers_0[3]~FF soc_inst/u_EfxSapphireSoc/system_ddr_ddrLogic_cc_fifo/io_input_cmd_queue/pushToPopGray_buffercc_io_dataOut[3]~FF
	Synchronizer 97:  soc_inst/u_EfxSapphireSoc/system_softJtag_debug_logic_jtagBridge/system_rsp_payload_data[3]~FF
	Synchronizer 98:  soc_inst/u_EfxSapphireSoc/system_softJtag_debug_logic_jtagBridge/system_rsp_valid~FF
	Synchronizer 99:  soc_inst/u_EfxSapphireSoc/system_ddr_ddrLogic_cc_fifo/io_input_cmd_queue/pushToPopGray_buffercc/buffers_0[4]~FF soc_inst/u_EfxSapphireSoc/system_ddr_ddrLogic_cc_fifo/io_input_cmd_queue/pushToPopGray_buffercc_io_dataOut[4]~FF
	Synchronizer 100:  soc_inst/u_EfxSapphireSoc/system_softJtag_debug_logic_jtagBridge/system_rsp_payload_data[4]~FF
	Synchronizer 101:  soc_inst/u_EfxSapphireSoc/system_softJtag_debug_logic_jtagBridge/system_rsp_payload_data[1]~FF
	Synchronizer 102:  soc_inst/u_EfxSapphireSoc/system_ddr_ddrLogic_cc_fifo/io_input_cmd_queue/pushToPopGray_buffercc/buffers_0[1]~FF soc_inst/u_EfxSapphireSoc/system_ddr_ddrLogic_cc_fifo/io_input_cmd_queue/pushToPopGray_buffercc_io_dataOut[1]~FF
	Synchronizer 103:  soc_inst/u_EfxSapphireSoc/system_softJtag_debug_logic_jtagBridge/flowCCByToggle_1/inputArea_target_buffercc/buffers_0~FF soc_inst/u_EfxSapphireSoc/system_softJtag_debug_logic_jtagBridge/flowCCByToggle_1/inputArea_target_buffercc_io_dataOut~FF
	Synchronizer 104:  soc_inst/u_EfxSapphireSoc/system_ddr_ddrLogic_cc_fifo/io_input_cmd_queue/popToPushGray_buffercc/buffers_0[6]~FF soc_inst/u_EfxSapphireSoc/system_ddr_ddrLogic_cc_fifo/io_input_cmd_queue/popToPushGray_buffercc_io_dataOut[6]~FF
	Synchronizer 105:  soc_inst/u_EfxSapphireSoc/system_softJtag_debug_logic_jtagBridge/system_rsp_payload_data[0]~FF
	Synchronizer 106:  soc_inst/u_EfxSapphireSoc/system_ddr_ddrLogic_cc_fifo/io_input_cmd_queue/bufferCC_28/buffers_0~FF soc_inst/u_EfxSapphireSoc/system_ddr_ddrLogic_cc_fifo/io_input_cmd_queue/bufferCC_28_io_dataOut~FF
	Synchronizer 107:  soc_inst/u_EfxSapphireSoc/system_softJtag_debug_logic_jtagBridge/system_rsp_payload_error~FF
	Synchronizer 108:  soc_inst/u_EfxSapphireSoc/system_ddr_ddrLogic_cc_fifo/io_input_cmd_queue/pushToPopGray_buffercc/buffers_0[0]~FF soc_inst/u_EfxSapphireSoc/system_ddr_ddrLogic_cc_fifo/io_input_cmd_queue/pushToPopGray_buffercc_io_dataOut[0]~FF
	Synchronizer 109:  soc_inst/u_EfxSapphireSoc/bufferCC_30/buffers_0~FF soc_inst/u_EfxSapphireSoc/bufferCC_30_io_dataOut~FF
	Synchronizer 110:  soc_inst/u_EfxSapphireSoc/system_ddr_ddrLogic_cc_fifo/io_output_rsp_queue/popToPushGray_buffercc/buffers_0[0]~FF soc_inst/u_EfxSapphireSoc/system_ddr_ddrLogic_cc_fifo/io_output_rsp_queue/popToPushGray_buffercc_io_dataOut[0]~FF
	Synchronizer 111:  soc_inst/u_EfxSapphireSoc/bufferCC_29/buffers_0~FF soc_inst/u_EfxSapphireSoc/bufferCC_29_io_dataOut~FF
	Synchronizer 112:  soc_inst/u_EfxSapphireSoc/bufferCC_28/buffers_0~FF soc_inst/u_EfxSapphireSoc/bufferCC_28_io_dataOut~FF
	Synchronizer 113:  soc_inst/u_EfxSapphireSoc/system_i2c_0_io_logic/i2cCtrl/io_i2c_scl_read_buffercc/buffers_0~FF soc_inst/u_EfxSapphireSoc/system_i2c_0_io_logic/i2cCtrl/io_i2c_scl_read_buffercc_io_dataOut~FF
	Synchronizer 114:  soc_inst/u_EfxSapphireSoc/system_ddr_ddrLogic_cc_fifo/io_output_rsp_queue/popToPushGray_buffercc/buffers_0[1]~FF soc_inst/u_EfxSapphireSoc/system_ddr_ddrLogic_cc_fifo/io_output_rsp_queue/popToPushGray_buffercc_io_dataOut[1]~FF
	Synchronizer 115:  soc_inst/u_EfxSapphireSoc/system_ddr_ddrLogic_cc_fifo/io_output_rsp_queue/popToPushGray_buffercc/buffers_0[2]~FF soc_inst/u_EfxSapphireSoc/system_ddr_ddrLogic_cc_fifo/io_output_rsp_queue/popToPushGray_buffercc_io_dataOut[2]~FF
	Synchronizer 116:  soc_inst/u_EfxSapphireSoc/system_ddr_ddrLogic_cc_fifo/io_output_rsp_queue/popToPushGray_buffercc/buffers_0[3]~FF soc_inst/u_EfxSapphireSoc/system_ddr_ddrLogic_cc_fifo/io_output_rsp_queue/popToPushGray_buffercc_io_dataOut[3]~FF
	Synchronizer 117:  soc_inst/u_EfxSapphireSoc/system_ddr_ddrLogic_cc_fifo/io_output_rsp_queue/popToPushGray_buffercc/buffers_0[4]~FF soc_inst/u_EfxSapphireSoc/system_ddr_ddrLogic_cc_fifo/io_output_rsp_queue/popToPushGray_buffercc_io_dataOut[4]~FF
	Synchronizer 118:  soc_inst/u_EfxSapphireSoc/system_ddr_ddrLogic_cc_fifo/io_output_rsp_queue/popToPushGray_buffercc/buffers_0[5]~FF soc_inst/u_EfxSapphireSoc/system_ddr_ddrLogic_cc_fifo/io_output_rsp_queue/popToPushGray_buffercc_io_dataOut[5]~FF
	Synchronizer 119:  soc_inst/u_EfxSapphireSoc/system_ddr_ddrLogic_cc_fifo/io_output_rsp_queue/popToPushGray_buffercc/buffers_0[6]~FF soc_inst/u_EfxSapphireSoc/system_ddr_ddrLogic_cc_fifo/io_output_rsp_queue/popToPushGray_buffercc_io_dataOut[6]~FF
	Synchronizer 120:  soc_inst/u_EfxSapphireSoc/system_ddr_ddrLogic_cc_fifo/io_output_rsp_queue/bufferCC_28/buffers_0~FF soc_inst/u_EfxSapphireSoc/system_ddr_ddrLogic_cc_fifo/io_output_rsp_queue/bufferCC_28_io_dataOut~FF
	Synchronizer 121:  soc_inst/u_EfxSapphireSoc/system_ddr_ddrLogic_cc_fifo/io_output_rsp_queue/pushToPopGray_buffercc/buffers_0[0]~FF soc_inst/u_EfxSapphireSoc/system_ddr_ddrLogic_cc_fifo/io_output_rsp_queue/pushToPopGray_buffercc_io_dataOut[0]~FF
	Synchronizer 122:  soc_inst/u_EfxSapphireSoc/system_ddr_ddrLogic_cc_fifo/io_output_rsp_queue/pushToPopGray_buffercc/buffers_0[1]~FF soc_inst/u_EfxSapphireSoc/system_ddr_ddrLogic_cc_fifo/io_output_rsp_queue/pushToPopGray_buffercc_io_dataOut[1]~FF
	Synchronizer 123:  soc_inst/u_EfxSapphireSoc/system_ddr_ddrLogic_cc_fifo/io_output_rsp_queue/pushToPopGray_buffercc/buffers_0[2]~FF soc_inst/u_EfxSapphireSoc/system_ddr_ddrLogic_cc_fifo/io_output_rsp_queue/pushToPopGray_buffercc_io_dataOut[2]~FF
	Synchronizer 124:  soc_inst/u_EfxSapphireSoc/system_ddr_ddrLogic_cc_fifo/io_output_rsp_queue/pushToPopGray_buffercc/buffers_0[3]~FF soc_inst/u_EfxSapphireSoc/system_ddr_ddrLogic_cc_fifo/io_output_rsp_queue/pushToPopGray_buffercc_io_dataOut[3]~FF
	Synchronizer 125:  soc_inst/u_EfxSapphireSoc/system_ddr_ddrLogic_cc_fifo/io_output_rsp_queue/pushToPopGray_buffercc/buffers_0[4]~FF soc_inst/u_EfxSapphireSoc/system_ddr_ddrLogic_cc_fifo/io_output_rsp_queue/pushToPopGray_buffercc_io_dataOut[4]~FF
	Synchronizer 126:  soc_inst/u_EfxSapphireSoc/system_ddr_ddrLogic_cc_fifo/io_output_rsp_queue/pushToPopGray_buffercc/buffers_0[5]~FF soc_inst/u_EfxSapphireSoc/system_ddr_ddrLogic_cc_fifo/io_output_rsp_queue/pushToPopGray_buffercc_io_dataOut[5]~FF
	Synchronizer 127:  soc_inst/u_EfxSapphireSoc/system_ddr_ddrLogic_cc_fifo/io_output_rsp_queue/pushToPopGray_buffercc/buffers_0[6]~FF soc_inst/u_EfxSapphireSoc/system_ddr_ddrLogic_cc_fifo/io_output_rsp_queue/pushToPopGray_buffercc_io_dataOut[6]~FF
Create E:/infinix/T120F324_devkit/outflow\soc_after_qp.qdelay
QPLACER STATIC DB USAGE DISABLED
Starting Global Placer with 14 threads ...

 ----------     -------  --------------     -------
  Iteration       WHPWL Worst Slack (ps) Convergence
 ----------     -------  --------------     -------
          1    33951832             718        12.2%
          2    28448124             482        12.2%
          3    19567902             641        15.0%
          4    14239009            1131        19.0%
          5     6971152            1295        24.0%
          6     2758442             175        31.6%
          7     1626341            -290        44.7%
          8     1237728            -906        55.8%
          9     1023605           -1254        58.1%
         10      828099           -2023        58.1%
         11      769339           -1769        67.9%
         12      734269           -1758        67.9%
         13      675400           -1704        67.9%
         14      623479           -2166        70.8%
         15      641325           -2265        70.8%
         16      625421           -2218        72.5%
         17      624544           -1752        72.5%
         18      615240           -2370        75.6%
         19      616502           -2144        75.6%
         20      607403           -1541        75.9%
         21      619087           -2188        76.6%
         22      594429           -1881        77.4%
         23      603815           -1666        80.3%
         24      592334           -1554        80.3%
         25      597318           -1989        80.8%
         26      594040           -2399        81.1%
         27      592885           -1870        81.2%
         28      586826           -2186        81.4%
         29      585231           -1462        83.1%
         30      582745           -1887        83.9%
         31      586505           -2429        85.5%
         32      579951           -2096        85.8%
         33      584396           -2268        88.1%
         34      580537           -1812        88.1%
         35      584081           -2312        89.5%
         36      582040           -2238        89.5%
         37      589479           -2090        90.3%
         38      585366           -1725        90.3%
         39      591183           -2597        91.1%
         40      592501           -2020        91.1%
         41      595781           -2400        92.2%
         42      597472           -1673        92.2%
         43      603859           -2139        92.7%
         44      610431           -2133        92.7%
         45      580911           -3831        92.7%
         46      583153           -2346        92.7%
         47      584287           -2297        94.5%
         48      590057           -2750        94.5%
         49      588384           -1989        94.8%
         50      592584           -2960        94.8%
         51      591209           -2616        94.8%
         52      585637           -2629        95.2%
Starting Annealer

 ----------     -------  --------------     -------
  Iteration       WHPWL  Delay Max (ps)     R Limit
 ----------     -------  --------------     -------
          0      588384           12552        30.0
          1      561837           11345        29.1
          2      628975           10732        28.0
          3      567019            9673        26.5
          4      544303            9505        25.0
          5      529878            9226        23.4
          6      521664            9136        21.9
          7      509916            9136        20.3
          8      501889            9270        18.9
          9      493465            9037        17.5
         10      487674            9050        16.2
         11      482796            8764        15.0
         12      476743            8760        13.8
         13      470833            8766        12.7
         14      465959            8761        11.7
         15      459029            8345        10.8
         16      453179            8344         9.9
         17      449868            8554         9.1
         18      445558            8554         8.4
         19      441761            8554         7.7
         20      435846            8554         7.1
         21      432932            8554         6.5
         22      428493            8567         6.0
         23      425068            8567         5.5
         24      421529            8554         5.0
         25      417717            8554         4.6
         26      414190            8554         4.2
         27      411835            8295         3.8
         28      408213            8295         3.5
         29      404916            8295         3.2
         30      402227            8313         2.9
         31      399861            8543         2.6
         32      393544           10152         2.4
Starting incremental timing annealer
Starting incremental timing quench 1 with temperature 0.1 and 1 moves per pass

 ----------     -------  --------------     -------
  Iteration       WHPWL  Delay Max (ps)     R Limit
 ----------     -------  --------------     -------
          0      388919           10152        30.0
          1      429947            8690        27.6
          2      520837            8588        25.4
          3      587292            8442        23.3
          4      609051            8337        21.2
          5      620547            8337        19.3
          6      624410            8337        17.5
          7      621009            8337        15.8
          8      621043            8337        14.3
          9      615376            8079        12.9
         10      612007            8079        11.6
         11      554977            8244        11.0
Generate E:/infinix/T120F324_devkit/outflow\soc_after_qp.qdelay
Placement successful: 13536 cells are placed
Peak congestion smeared over 1/4 of the chip is 0.644864 at 52,48
Congestion-weighted HPWL per net: 28.7206

Reading placement constraints from 'E:/infinix/T120F324_devkit/outflow/soc.qplace'.
Finished Realigning Types (1645 blocks needed type change)

Completed placement consistency check successfully.
Successfully created FPGA place file 'E:/infinix/T120F324_devkit/outflow/soc.place'
Placement took 45.7644 seconds.
	Placement took 38.625 seconds (approximately) in total CPU time.
Placement virtual memory usage: begin = 291.28 MB, end = 378.944 MB, delta = 87.664 MB
	Placement peak virtual memory usage = 1002.29 MB
Placement resident set memory usage: begin = 294.692 MB, end = 374.86 MB, delta = 80.168 MB
	Placement peak resident set memory usage = 984.948 MB
***** Ending stage placement *****

